<?xml version="1.0" encoding="UTF-8" ?>
<testsuite failures="0" time="14.194" errors="0" skipped="0" tests="1" name="com.mycompany.runner.GoogleRunnerTest">
  <properties>
    <property name="java.runtime.name" value="Java(TM) SE Runtime Environment"/>
    <property name="sun.boot.library.path" value="/System/Library/Frameworks/JavaVM.framework/Versions/1.6.0/Libraries"/>
    <property name="java.vm.version" value="16.3-b01-279"/>
    <property name="awt.nativeDoubleBuffering" value="true"/>
    <property name="gopherProxySet" value="false"/>
    <property name="mrj.build" value="9M3165"/>
    <property name="java.vm.vendor" value="Apple Inc."/>
    <property name="java.vendor.url" value="http://www.apple.com/"/>
    <property name="path.separator" value=":"/>
    <property name="java.vm.name" value="Java HotSpot(TM) 64-Bit Server VM"/>
    <property name="file.encoding.pkg" value="sun.io"/>
    <property name="user.country" value="US"/>
    <property name="sun.java.launcher" value="SUN_STANDARD"/>
    <property name="sun.os.patch.level" value="unknown"/>
    <property name="java.vm.specification.name" value="Java Virtual Machine Specification"/>
    <property name="user.dir" value="/Users/dave/commons/selenium"/>
    <property name="java.runtime.version" value="1.6.0_20-b02-279-9M3165"/>
    <property name="java.awt.graphicsenv" value="apple.awt.CGraphicsEnvironment"/>
    <property name="basedir" value="/Users/dave/commons/selenium"/>
    <property name="java.endorsed.dirs" value="/System/Library/Frameworks/JavaVM.framework/Versions/1.6.0/Home/lib/endorsed"/>
    <property name="os.arch" value="x86_64"/>
    <property name="surefire.real.class.path" value="/var/folders/-M/-MuK9chUFZG5GAwjGb2LI++++TI/-Tmp-/surefirebooter1700344734592496266.jar"/>
    <property name="java.io.tmpdir" value="/var/folders/-M/-MuK9chUFZG5GAwjGb2LI++++TI/-Tmp-/"/>
    <property name="line.separator" value="
"/>
    <property name="java.vm.specification.vendor" value="Sun Microsystems Inc."/>
    <property name="os.name" value="Mac OS X"/>
    <property name="org.openqa.jetty.http.HttpRequest.maxFormContentSize" value="0"/>
    <property name="sun.jnu.encoding" value="MacRoman"/>
    <property name="java.library.path" value="/Applications/IntelliJ IDEA 9.0.1.app/Contents/Resources/Java:/System/Library/PrivateFrameworks/JavaApplicationLauncher.framework/Resources:.:/Library/Java/Extensions:/System/Library/Java/Extensions:/usr/lib/java"/>
    <property name="surefire.test.class.path" value="/Users/dave/commons/selenium/target/test-classes:/Users/dave/commons/selenium/target/classes:/Users/dave/.m2/repository/org/seleniumhq/selenium/selenium/2.0a4/selenium-2.0a4.jar:/Users/dave/.m2/repository/org/seleniumhq/selenium/selenium-chrome-driver/2.0a4/selenium-chrome-driver-2.0a4.jar:/Users/dave/.m2/repository/org/seleniumhq/selenium/selenium-common/2.0a4/selenium-common-2.0a4.jar:/Users/dave/.m2/repository/org/seleniumhq/selenium/selenium-remote-client/2.0a4/selenium-remote-client-2.0a4.jar:/Users/dave/.m2/repository/org/seleniumhq/selenium/selenium-remote-common/2.0a4/selenium-remote-common-2.0a4.jar:/Users/dave/.m2/repository/org/json/json/20080701/json-20080701.jar:/Users/dave/.m2/repository/commons-codec/commons-codec/1.4/commons-codec-1.4.jar:/Users/dave/.m2/repository/com/google/collections/google-collections/1.0/google-collections-1.0.jar:/Users/dave/.m2/repository/commons-httpclient/commons-httpclient/3.1/commons-httpclient-3.1.jar:/Users/dave/.m2/repository/commons-logging/commons-logging/1.0.4/commons-logging-1.0.4.jar:/Users/dave/.m2/repository/org/seleniumhq/selenium/selenium-htmlunit-driver/2.0a4/selenium-htmlunit-driver-2.0a4.jar:/Users/dave/.m2/repository/net/sourceforge/htmlunit/htmlunit/2.7/htmlunit-2.7.jar:/Users/dave/.m2/repository/xalan/xalan/2.7.1/xalan-2.7.1.jar:/Users/dave/.m2/repository/xalan/serializer/2.7.1/serializer-2.7.1.jar:/Users/dave/.m2/repository/xml-apis/xml-apis/1.3.04/xml-apis-1.3.04.jar:/Users/dave/.m2/repository/commons-collections/commons-collections/3.2.1/commons-collections-3.2.1.jar:/Users/dave/.m2/repository/commons-lang/commons-lang/2.4/commons-lang-2.4.jar:/Users/dave/.m2/repository/net/sourceforge/htmlunit/htmlunit-core-js/2.7/htmlunit-core-js-2.7.jar:/Users/dave/.m2/repository/xerces/xercesImpl/2.9.1/xercesImpl-2.9.1.jar:/Users/dave/.m2/repository/net/sourceforge/nekohtml/nekohtml/1.9.14/nekohtml-1.9.14.jar:/Users/dave/.m2/repository/net/sourceforge/cssparser/cssparser/0.9.5/cssparser-0.9.5.jar:/Users/dave/.m2/repository/org/w3c/css/sac/1.3/sac-1.3.jar:/Users/dave/.m2/repository/commons-io/commons-io/1.4/commons-io-1.4.jar:/Users/dave/.m2/repository/org/seleniumhq/selenium/selenium-firefox-driver/2.0a4/selenium-firefox-driver-2.0a4.jar:/Users/dave/.m2/repository/org/seleniumhq/selenium/selenium-ie-driver/2.0a4/selenium-ie-driver-2.0a4.jar:/Users/dave/.m2/repository/net/java/dev/jna/jna/3.2.2/jna-3.2.2.jar:/Users/dave/.m2/repository/org/seleniumhq/selenium/selenium-support/2.0a4/selenium-support-2.0a4.jar:/Users/dave/.m2/repository/org/hamcrest/hamcrest-all/1.1/hamcrest-all-1.1.jar:/Users/dave/.m2/repository/junit/junit/4.8.1/junit-4.8.1.jar:/Users/dave/.m2/repository/org/seleniumhq/selenium/selenium-server/2.0a4/selenium-server-2.0a4.jar:/Users/dave/.m2/repository/ant/ant/1.6.5/ant-1.6.5.jar:/Users/dave/.m2/repository/bouncycastle/bcprov-jdk15/135/bcprov-jdk15-135.jar:/Users/dave/.m2/repository/mx4j/mx4j-tools/3.0.1/mx4j-tools-3.0.1.jar:/Users/dave/.m2/repository/org/mortbay/jetty/jetty/6.1.9/jetty-6.1.9.jar:/Users/dave/.m2/repository/org/mortbay/jetty/jetty-util/6.1.9/jetty-util-6.1.9.jar:/Users/dave/.m2/repository/org/mortbay/jetty/servlet-api-2.5/6.1.9/servlet-api-2.5-6.1.9.jar:/Users/dave/.m2/repository/org/seleniumhq/selenium/grid/selenium-grid-tools/1.0.5/selenium-grid-tools-1.0.5.jar:/Users/dave/.m2/repository/org/seleniumhq/selenium/client-drivers/selenium-java-client-driver/1.0.2/selenium-java-client-driver-1.0.2.jar:"/>
    <property name="java.specification.name" value="Java Platform API Specification"/>
    <property name="java.class.version" value="50.0"/>
    <property name="sun.management.compiler" value="HotSpot 64-Bit Server Compiler"/>
    <property name="os.version" value="10.5.8"/>
    <property name="http.nonProxyHosts" value="local|*.local|169.254/16|*.169.254/16"/>
    <property name="user.home" value="/Users/dave"/>
    <property name="user.timezone" value="America/Chicago"/>
    <property name="java.awt.printerjob" value="apple.awt.CPrinterJob"/>
    <property name="java.specification.version" value="1.6"/>
    <property name="file.encoding" value="MacRoman"/>
    <property name="user.name" value="dave"/>
    <property name="java.class.path" value="/Users/dave/commons/selenium/target/test-classes:/Users/dave/commons/selenium/target/classes:/Users/dave/.m2/repository/org/seleniumhq/selenium/selenium/2.0a4/selenium-2.0a4.jar:/Users/dave/.m2/repository/org/seleniumhq/selenium/selenium-chrome-driver/2.0a4/selenium-chrome-driver-2.0a4.jar:/Users/dave/.m2/repository/org/seleniumhq/selenium/selenium-common/2.0a4/selenium-common-2.0a4.jar:/Users/dave/.m2/repository/org/seleniumhq/selenium/selenium-remote-client/2.0a4/selenium-remote-client-2.0a4.jar:/Users/dave/.m2/repository/org/seleniumhq/selenium/selenium-remote-common/2.0a4/selenium-remote-common-2.0a4.jar:/Users/dave/.m2/repository/org/json/json/20080701/json-20080701.jar:/Users/dave/.m2/repository/commons-codec/commons-codec/1.4/commons-codec-1.4.jar:/Users/dave/.m2/repository/com/google/collections/google-collections/1.0/google-collections-1.0.jar:/Users/dave/.m2/repository/commons-httpclient/commons-httpclient/3.1/commons-httpclient-3.1.jar:/Users/dave/.m2/repository/commons-logging/commons-logging/1.0.4/commons-logging-1.0.4.jar:/Users/dave/.m2/repository/org/seleniumhq/selenium/selenium-htmlunit-driver/2.0a4/selenium-htmlunit-driver-2.0a4.jar:/Users/dave/.m2/repository/net/sourceforge/htmlunit/htmlunit/2.7/htmlunit-2.7.jar:/Users/dave/.m2/repository/xalan/xalan/2.7.1/xalan-2.7.1.jar:/Users/dave/.m2/repository/xalan/serializer/2.7.1/serializer-2.7.1.jar:/Users/dave/.m2/repository/xml-apis/xml-apis/1.3.04/xml-apis-1.3.04.jar:/Users/dave/.m2/repository/commons-collections/commons-collections/3.2.1/commons-collections-3.2.1.jar:/Users/dave/.m2/repository/commons-lang/commons-lang/2.4/commons-lang-2.4.jar:/Users/dave/.m2/repository/net/sourceforge/htmlunit/htmlunit-core-js/2.7/htmlunit-core-js-2.7.jar:/Users/dave/.m2/repository/xerces/xercesImpl/2.9.1/xercesImpl-2.9.1.jar:/Users/dave/.m2/repository/net/sourceforge/nekohtml/nekohtml/1.9.14/nekohtml-1.9.14.jar:/Users/dave/.m2/repository/net/sourceforge/cssparser/cssparser/0.9.5/cssparser-0.9.5.jar:/Users/dave/.m2/repository/org/w3c/css/sac/1.3/sac-1.3.jar:/Users/dave/.m2/repository/commons-io/commons-io/1.4/commons-io-1.4.jar:/Users/dave/.m2/repository/org/seleniumhq/selenium/selenium-firefox-driver/2.0a4/selenium-firefox-driver-2.0a4.jar:/Users/dave/.m2/repository/org/seleniumhq/selenium/selenium-ie-driver/2.0a4/selenium-ie-driver-2.0a4.jar:/Users/dave/.m2/repository/net/java/dev/jna/jna/3.2.2/jna-3.2.2.jar:/Users/dave/.m2/repository/org/seleniumhq/selenium/selenium-support/2.0a4/selenium-support-2.0a4.jar:/Users/dave/.m2/repository/org/hamcrest/hamcrest-all/1.1/hamcrest-all-1.1.jar:/Users/dave/.m2/repository/junit/junit/4.8.1/junit-4.8.1.jar:/Users/dave/.m2/repository/org/seleniumhq/selenium/selenium-server/2.0a4/selenium-server-2.0a4.jar:/Users/dave/.m2/repository/ant/ant/1.6.5/ant-1.6.5.jar:/Users/dave/.m2/repository/bouncycastle/bcprov-jdk15/135/bcprov-jdk15-135.jar:/Users/dave/.m2/repository/mx4j/mx4j-tools/3.0.1/mx4j-tools-3.0.1.jar:/Users/dave/.m2/repository/org/mortbay/jetty/jetty/6.1.9/jetty-6.1.9.jar:/Users/dave/.m2/repository/org/mortbay/jetty/jetty-util/6.1.9/jetty-util-6.1.9.jar:/Users/dave/.m2/repository/org/mortbay/jetty/servlet-api-2.5/6.1.9/servlet-api-2.5-6.1.9.jar:/Users/dave/.m2/repository/org/seleniumhq/selenium/grid/selenium-grid-tools/1.0.5/selenium-grid-tools-1.0.5.jar:/Users/dave/.m2/repository/org/seleniumhq/selenium/client-drivers/selenium-java-client-driver/1.0.2/selenium-java-client-driver-1.0.2.jar:"/>
    <property name="java.vm.specification.version" value="1.0"/>
    <property name="sun.arch.data.model" value="64"/>
    <property name="java.home" value="/System/Library/Frameworks/JavaVM.framework/Versions/1.6.0/Home"/>
    <property name="java.specification.vendor" value="Sun Microsystems Inc."/>
    <property name="user.language" value="en"/>
    <property name="awt.toolkit" value="apple.awt.CToolkit"/>
    <property name="java.vm.info" value="mixed mode"/>
    <property name="java.version" value="1.6.0_20"/>
    <property name="java.ext.dirs" value="/Library/Java/Extensions:/System/Library/Java/Extensions:/System/Library/Frameworks/JavaVM.framework/Versions/1.6.0/Home/lib/ext"/>
    <property name="sun.boot.class.path" value="/System/Library/Frameworks/JavaVM.framework/Versions/1.6.0/Classes/jsfd.jar:/System/Library/Frameworks/JavaVM.framework/Versions/1.6.0/Classes/classes.jar:/System/Library/Frameworks/JavaVM.framework/Frameworks/JavaRuntimeSupport.framework/Resources/Java/JavaRuntimeSupport.jar:/System/Library/Frameworks/JavaVM.framework/Versions/1.6.0/Classes/ui.jar:/System/Library/Frameworks/JavaVM.framework/Versions/1.6.0/Classes/laf.jar:/System/Library/Frameworks/JavaVM.framework/Versions/1.6.0/Classes/sunrsasign.jar:/System/Library/Frameworks/JavaVM.framework/Versions/1.6.0/Classes/jsse.jar:/System/Library/Frameworks/JavaVM.framework/Versions/1.6.0/Classes/jce.jar:/System/Library/Frameworks/JavaVM.framework/Versions/1.6.0/Classes/charsets.jar"/>
    <property name="java.vendor" value="Apple Inc."/>
    <property name="localRepository" value="/Users/dave/.m2/repository"/>
    <property name="file.separator" value="/"/>
    <property name="java.vendor.url.bug" value="http://bugreport.apple.com/"/>
    <property name="sun.cpu.endian" value="little"/>
    <property name="sun.io.unicode.encoding" value="UnicodeLittle"/>
    <property name="mrj.version" value="1050.1.6.0_20-279"/>
    <property name="socksNonProxyHosts" value="local|*.local|169.254/16|*.169.254/16"/>
    <property name="ftp.nonProxyHosts" value="local|*.local|169.254/16|*.169.254/16"/>
    <property name="sun.cpu.isalist" value=""/>
  </properties>
  <testcase time="13.411" classname="com.mycompany.runner.GoogleRunnerTest" name="testSearch"/>
</testsuite>